<?xml version="1.0" encoding="UTF-8"?>
<testsuite xmlns:xsi="http://www.w3.org/2001/XMLSchema-instance" xsi:noNamespaceSchemaLocation="https://maven.apache.org/surefire/maven-surefire-plugin/xsd/surefire-test-report.xsd" name="com.keerti_epam.mavenproject.validator.ValidatorTest" time="0.007" tests="5" errors="0" skipped="0" failures="0">
  <properties>
[...]
</properties>
  <testcase name="test[0]" classname="com.keerti_epam.mavenproject.validator.ValidatorTest" time="0"/>
  <testcase name="test[1]" classname="com.keerti_epam.mavenproject.validator.ValidatorTest" time="0"/>
  <testcase name="test[2]" classname="com.keerti_epam.mavenproject.validator.ValidatorTest" time="0"/>
  <testcase name="test[3]" classname="com.keerti_epam.mavenproject.validator.ValidatorTest" time="0.002"/>
  <testcase name="test[4]" classname="com.keerti_epam.mavenproject.validator.ValidatorTest" time="0.001"/>
</testsuite>